<?xml version="1.0" encoding="UTF-8" ?>
<!--
 ! Excerpted from "Grails: A Quickstart Guide",
 ! published by The Pragmatic Bookshelf.
 ! Copyrights apply to this code. It may not be used to create training material, 
 ! courses, books, articles, and the like. Contact us if you are in doubt.
 ! We make no guarantees that this code is fit for any purpose. 
 ! Visit http://www.pragmaticprogrammer.com/titles/dkgrails for more book information.
-->
<testsuites>
  <testsuite errors="0" failures="0" hostname="Klein-MacBook-Pro.local" id="0" name="TekEventControllerTests" package="" tests="1" time="0.6" timestamp="2009-07-25T17:38:47">
      <properties />

      <testcase classname="TekEventControllerTests" name="testSomething" time="0.599" />

      <system-out><![CDATA[--Output from testSomething--
]]></system-out>

      <system-err><![CDATA[--Output from testSomething--
]]></system-err>

  </testsuite>
  <testsuite errors="0" failures="0" hostname="Klein-MacBook-Pro.local" id="1" name="TekEventTests" package="" tests="1" time="0.036" timestamp="2009-07-25T17:38:48">
      <properties />

      <testcase classname="TekEventTests" name="testToString" time="0.036" />

      <system-out><![CDATA[--Output from testToString--
]]></system-out>

      <system-err><![CDATA[--Output from testToString--
]]></system-err>

  </testsuite>
</testsuites>
